buysell/build/outputs/logs/manifest-merger-debug-report.txt
-- Merging decision tree log ---
manifest
ADDED from src\main\AndroidManifest.xml:2:1-197:12
	package
		ADDED from src\main\AndroidManifest.xml:3:5-35
		INJECTED from src\main\AndroidManifest.xml
		INJECTED from src\main\AndroidManifest.xml
	android:versionName
		ADDED from src\main\AndroidManifest.xml:5:5-30
		INJECTED from src\main\AndroidManifest.xml
		INJECTED from src\main\AndroidManifest.xml
	android:versionCode
		ADDED from src\main\AndroidManifest.xml:4:5-29
		INJECTED from src\main\AndroidManifest.xml
		INJECTED from src\main\AndroidManifest.xml
	xmlns:android
		ADDED from src\main\AndroidManifest.xml:2:11-69
uses-sdk
ADDED from src\main\AndroidManifest.xml:7:5-10:41
MERGED from [BuySell:facebookSDK:unspecified] AndroidManifest.xml:20:5-22:40
MERGED from [com.android.support:support-v4:21.0.0] AndroidManifest.xml:15:5-42
MERGED from [com.android.support:support-v4:21.0.0] AndroidManifest.xml:15:5-42
MERGED from [com.google.android.gms:play-services:6.5.87] AndroidManifest.xml:18:5-42
MERGED from [com.android.support:support-v4:21.0.0] AndroidManifest.xml:15:5-42
	android:maxSdkVersion
		ADDED from src\main\AndroidManifest.xml:8:9-35
	android:targetSdkVersion
		ADDED from src\main\AndroidManifest.xml:10:9-38
		INJECTED from src\main\AndroidManifest.xml
		INJECTED from src\main\AndroidManifest.xml
	android:minSdkVersion
		ADDED from src\main\AndroidManifest.xml:9:9-35
		INJECTED from src\main\AndroidManifest.xml
		INJECTED from src\main\AndroidManifest.xml
supports-screens
ADDED from src\main\AndroidManifest.xml:12:5-16:40
	android:largeScreens
		ADDED from src\main\AndroidManifest.xml:13:9-36
	android:smallScreens
		ADDED from src\main\AndroidManifest.xml:15:9-36
	android:normalScreens
		ADDED from src\main\AndroidManifest.xml:14:9-37
	android:xlargeScreens
		ADDED from src\main\AndroidManifest.xml:16:9-37
uses-feature#android.hardware.telephony
ADDED from src\main\AndroidManifest.xml:18:5-20:36
	android:required
		ADDED from src\main\AndroidManifest.xml:20:9-33
	android:name
		ADDED from src\main\AndroidManifest.xml:19:9-50
uses-permission#android.permission.INTERNET
ADDED from src\main\AndroidManifest.xml:22:5-67
	android:name
		ADDED from src\main\AndroidManifest.xml:22:22-64
uses-permission#android.permission.ACCESS_NETWORK_STATE
ADDED from src\main\AndroidManifest.xml:23:5-79
	android:name
		ADDED from src\main\AndroidManifest.xml:23:22-76
uses-permission#android.permission.WRITE_EXTERNAL_STORAGE
ADDED from src\main\AndroidManifest.xml:24:5-81
	android:name
		ADDED from src\main\AndroidManifest.xml:24:22-78
uses-permission#com.google.android.providers.gsf.permission.READ_GSERVICES
ADDED from src\main\AndroidManifest.xml:25:5-98
	android:name
		ADDED from src\main\AndroidManifest.xml:25:22-95
uses-permission#android.permission.ACCESS_COARSE_LOCATION
ADDED from src\main\AndroidManifest.xml:26:5-81
	android:name
		ADDED from src\main\AndroidManifest.xml:26:22-78
uses-permission#android.permission.ACCESS_FINE_LOCATION
ADDED from src\main\AndroidManifest.xml:27:5-79
	android:name
		ADDED from src\main\AndroidManifest.xml:27:22-76
uses-permission#android.permission.CALL_PHONE
ADDED from src\main\AndroidManifest.xml:28:5-69
	android:name
		ADDED from src\main\AndroidManifest.xml:28:22-66
uses-permission#android.permission.MAPS_RECEIVE
ADDED from src\main\AndroidManifest.xml:30:5-71
	android:name
		ADDED from src\main\AndroidManifest.xml:30:22-68
permission#com.projects.activities.permission.MAPS_RECEIVE
ADDED from src\main\AndroidManifest.xml:32:5-33:42
	android:protectionLevel
		ADDED from src\main\AndroidManifest.xml:33:5-40
	android:name
		ADDED from src\main\AndroidManifest.xml:32:17-79
uses-feature#0x00020000
ADDED from src\main\AndroidManifest.xml:35:5-37:30
	android:glEsVersion
		ADDED from src\main\AndroidManifest.xml:36:9-41
	android:required
		ADDED from src\main\AndroidManifest.xml:37:5-28
application
ADDED from src\main\AndroidManifest.xml:39:5-195:19
MERGED from [BuySell:facebookSDK:unspecified] AndroidManifest.xml:24:5-20
MERGED from [com.android.support:support-v4:21.0.0] AndroidManifest.xml:16:5-19
MERGED from [com.android.support:support-v4:21.0.0] AndroidManifest.xml:16:5-19
MERGED from [com.google.android.gms:play-services:6.5.87] AndroidManifest.xml:20:5-24:19
MERGED from [com.android.support:support-v4:21.0.0] AndroidManifest.xml:16:5-19
	android:label
		ADDED from src\main\AndroidManifest.xml:43:9-41
	android:hardwareAccelerated
		ADDED from src\main\AndroidManifest.xml:41:9-44
	android:allowBackup
		ADDED from src\main\AndroidManifest.xml:40:9-35
	android:icon
		ADDED from src\main\AndroidManifest.xml:42:9-45
	android:largeHeap
		ADDED from src\main\AndroidManifest.xml:44:9-33
	android:theme
		ADDED from src\main\AndroidManifest.xml:45:9-40
activity#com.projects.buysell.MainActivity
ADDED from src\main\AndroidManifest.xml:46:9-55:20
	android:screenOrientation
		ADDED from src\main\AndroidManifest.xml:49:13-55
	android:label
		ADDED from src\main\AndroidManifest.xml:48:13-45
	android:name
		ADDED from src\main\AndroidManifest.xml:47:13-41
intent-filter#android.intent.action.MAIN+android.intent.category.LAUNCHER
ADDED from src\main\AndroidManifest.xml:50:13-54:29
action#android.intent.action.MAIN
ADDED from src\main\AndroidManifest.xml:51:17-69
	android:name
		ADDED from src\main\AndroidManifest.xml:51:25-66
category#android.intent.category.LAUNCHER
ADDED from src\main\AndroidManifest.xml:53:17-77
	android:name
		ADDED from src\main\AndroidManifest.xml:53:27-74
activity#com.projects.activities.PreHome
ADDED from src\main\AndroidManifest.xml:56:9-60:20
	android:label
		ADDED from src\main\AndroidManifest.xml:58:13-45
	android:windowSoftInputMode
		ADDED from src\main\AndroidManifest.xml:59:13-67
	android:name
		ADDED from src\main\AndroidManifest.xml:57:13-59
activity#com.projects.activities.ProfileActivity
ADDED from src\main\AndroidManifest.xml:61:9-64:70
	android:label
		ADDED from src\main\AndroidManifest.xml:63:13-45
	android:windowSoftInputMode
		ADDED from src\main\AndroidManifest.xml:64:13-67
	android:name
		ADDED from src\main\AndroidManifest.xml:62:13-67
activity#com.projects.activities.FormPedidos
ADDED from src\main\AndroidManifest.xml:65:9-68:70
	android:label
		ADDED from src\main\AndroidManifest.xml:67:13-45
	android:windowSoftInputMode
		ADDED from src\main\AndroidManifest.xml:68:13-67
	android:name
		ADDED from src\main\AndroidManifest.xml:66:13-63
activity#com.projects.activities.InsertNewPedidos
ADDED from src\main\AndroidManifest.xml:69:9-72:70
	android:label
		ADDED from src\main\AndroidManifest.xml:71:13-45
	android:windowSoftInputMode
		ADDED from src\main\AndroidManifest.xml:72:13-67
	android:name
		ADDED from src\main\AndroidManifest.xml:70:13-68
activity#com.projects.activities.FormCategorias
ADDED from src\main\AndroidManifest.xml:73:9-76:70
	android:label
		ADDED from src\main\AndroidManifest.xml:75:13-45
	android:windowSoftInputMode
		ADDED from src\main\AndroidManifest.xml:76:13-67
	android:name
		ADDED from src\main\AndroidManifest.xml:74:13-66
activity#com.projects.activities.AcessoVendas
ADDED from src\main\AndroidManifest.xml:77:9-80:70
	android:label
		ADDED from src\main\AndroidManifest.xml:79:13-45
	android:windowSoftInputMode
		ADDED from src\main\AndroidManifest.xml:80:13-67
	android:name
		ADDED from src\main\AndroidManifest.xml:78:13-64
activity#com.projects.activities.FinalizarPedido
ADDED from src\main\AndroidManifest.xml:81:9-84:70
	android:label
		ADDED from src\main\AndroidManifest.xml:83:13-45
	android:windowSoftInputMode
		ADDED from src\main\AndroidManifest.xml:84:13-67
	android:name
		ADDED from src\main\AndroidManifest.xml:82:13-67
activity#com.projects.activities.Propostas
ADDED from src\main\AndroidManifest.xml:85:9-88:70
	android:label
		ADDED from src\main\AndroidManifest.xml:87:13-45
	android:windowSoftInputMode
		ADDED from src\main\AndroidManifest.xml:88:13-67
	android:name
		ADDED from src\main\AndroidManifest.xml:86:13-61
activity#com.projects.activities.DeletaItem
ADDED from src\main\AndroidManifest.xml:89:9-92:70
	android:label
		ADDED from src\main\AndroidManifest.xml:91:13-45
	android:windowSoftInputMode
		ADDED from src\main\AndroidManifest.xml:92:13-67
	android:name
		ADDED from src\main\AndroidManifest.xml:90:13-62
activity#com.projects.activities.RecuperarSenha
ADDED from src\main\AndroidManifest.xml:93:9-96:70
	android:label
		ADDED from src\main\AndroidManifest.xml:95:13-45
	android:windowSoftInputMode
		ADDED from src\main\AndroidManifest.xml:96:13-67
	android:name
		ADDED from src\main\AndroidManifest.xml:94:13-66
activity#com.projects.activities.PedidosSalvos
ADDED from src\main\AndroidManifest.xml:97:9-100:70
	android:label
		ADDED from src\main\AndroidManifest.xml:99:13-45
	android:windowSoftInputMode
		ADDED from src\main\AndroidManifest.xml:100:13-67
	android:name
		ADDED from src\main\AndroidManifest.xml:98:13-65
activity#com.projects.activities.FormPedidosEnd
ADDED from src\main\AndroidManifest.xml:101:9-104:70
	android:label
		ADDED from src\main\AndroidManifest.xml:103:13-45
	android:windowSoftInputMode
		ADDED from src\main\AndroidManifest.xml:104:13-67
	android:name
		ADDED from src\main\AndroidManifest.xml:102:13-66
activity#com.projects.activities.Map
ADDED from src\main\AndroidManifest.xml:105:9-108:70
	android:label
		ADDED from src\main\AndroidManifest.xml:107:13-45
	android:windowSoftInputMode
		ADDED from src\main\AndroidManifest.xml:108:13-67
	android:name
		ADDED from src\main\AndroidManifest.xml:106:13-55
activity#com.projects.activities.AceitaProposta
ADDED from src\main\AndroidManifest.xml:109:9-112:70
	android:label
		ADDED from src\main\AndroidManifest.xml:111:13-45
	android:windowSoftInputMode
		ADDED from src\main\AndroidManifest.xml:112:13-67
	android:name
		ADDED from src\main\AndroidManifest.xml:110:13-66
activity#com.projects.activities.ListaAbertos
ADDED from src\main\AndroidManifest.xml:113:9-116:70
	android:label
		ADDED from src\main\AndroidManifest.xml:115:13-45
	android:windowSoftInputMode
		ADDED from src\main\AndroidManifest.xml:116:13-67
	android:name
		ADDED from src\main\AndroidManifest.xml:114:13-64
activity#com.projects.activities.DeletaItemAberto
ADDED from src\main\AndroidManifest.xml:117:9-120:70
	android:label
		ADDED from src\main\AndroidManifest.xml:119:13-45
	android:windowSoftInputMode
		ADDED from src\main\AndroidManifest.xml:120:13-67
	android:name
		ADDED from src\main\AndroidManifest.xml:118:13-68
activity#com.projects.activities.PedidosPre
ADDED from src\main\AndroidManifest.xml:121:9-124:70
	android:label
		ADDED from src\main\AndroidManifest.xml:123:13-45
	android:windowSoftInputMode
		ADDED from src\main\AndroidManifest.xml:124:13-67
	android:name
		ADDED from src\main\AndroidManifest.xml:122:13-62
activity#com.projects.activities.PedidosAbertos
ADDED from src\main\AndroidManifest.xml:125:9-128:70
	android:label
		ADDED from src\main\AndroidManifest.xml:127:13-45
	android:windowSoftInputMode
		ADDED from src\main\AndroidManifest.xml:128:13-67
	android:name
		ADDED from src\main\AndroidManifest.xml:126:13-66
activity#com.projects.activities.Cep
ADDED from src\main\AndroidManifest.xml:129:9-132:70
	android:label
		ADDED from src\main\AndroidManifest.xml:131:13-45
	android:windowSoftInputMode
		ADDED from src\main\AndroidManifest.xml:132:13-67
	android:name
		ADDED from src\main\AndroidManifest.xml:130:13-55
activity#com.projects.activities.RegisterActivity
ADDED from src\main\AndroidManifest.xml:133:9-136:70
	android:label
		ADDED from src\main\AndroidManifest.xml:135:13-45
	android:windowSoftInputMode
		ADDED from src\main\AndroidManifest.xml:136:13-67
	android:name
		ADDED from src\main\AndroidManifest.xml:134:13-68
activity#com.projects.activities.LoginActivity
ADDED from src\main\AndroidManifest.xml:137:9-140:70
	android:label
		ADDED from src\main\AndroidManifest.xml:139:13-45
	android:windowSoftInputMode
		ADDED from src\main\AndroidManifest.xml:140:13-67
	android:name
		ADDED from src\main\AndroidManifest.xml:138:13-65
activity#com.projects.activities.DetailActivity
ADDED from src\main\AndroidManifest.xml:141:9-143:48
	android:label
		ADDED from src\main\AndroidManifest.xml:143:13-45
	android:name
		ADDED from src\main\AndroidManifest.xml:142:13-66
activity#com.projects.activities.ReviewActivity
ADDED from src\main\AndroidManifest.xml:144:9-146:48
	android:label
		ADDED from src\main\AndroidManifest.xml:146:13-45
	android:name
		ADDED from src\main\AndroidManifest.xml:145:13-66
activity#com.projects.activities.NewReviewActivity
ADDED from src\main\AndroidManifest.xml:147:9-150:70
	android:label
		ADDED from src\main\AndroidManifest.xml:149:13-45
	android:windowSoftInputMode
		ADDED from src\main\AndroidManifest.xml:150:13-67
	android:name
		ADDED from src\main\AndroidManifest.xml:148:13-69
activity#com.projects.activities.ImageViewerActivity
ADDED from src\main\AndroidManifest.xml:151:9-153:48
	android:label
		ADDED from src\main\AndroidManifest.xml:153:13-45
	android:name
		ADDED from src\main\AndroidManifest.xml:152:13-71
activity#com.projects.activities.NewsDetailActivity
ADDED from src\main\AndroidManifest.xml:154:9-156:48
	android:label
		ADDED from src\main\AndroidManifest.xml:156:13-45
	android:name
		ADDED from src\main\AndroidManifest.xml:155:13-70
activity#com.projects.activities.StoreActivity
ADDED from src\main\AndroidManifest.xml:157:9-159:48
	android:label
		ADDED from src\main\AndroidManifest.xml:159:13-45
	android:name
		ADDED from src\main\AndroidManifest.xml:158:13-65
activity#com.projects.activities.SearchResultActivity
ADDED from src\main\AndroidManifest.xml:160:9-162:48
	android:label
		ADDED from src\main\AndroidManifest.xml:162:13-45
	android:name
		ADDED from src\main\AndroidManifest.xml:161:13-72
activity#com.google.android.gms.ads.AdActivity
ADDED from src\main\AndroidManifest.xml:163:9-165:125
	android:configChanges
		ADDED from src\main\AndroidManifest.xml:165:13-122
	android:name
		ADDED from src\main\AndroidManifest.xml:164:13-65
meta-data#com.google.android.maps.v2.API_KEY
ADDED from src\main\AndroidManifest.xml:167:9-169:71
	android:value
		ADDED from src\main\AndroidManifest.xml:169:13-68
	android:name
		ADDED from src\main\AndroidManifest.xml:168:13-62
meta-data#com.google.android.gms.version
ADDED from src\main\AndroidManifest.xml:171:9-173:69
MERGED from [com.google.android.gms:play-services:6.5.87] AndroidManifest.xml:21:9-23:69
	android:value
		ADDED from src\main\AndroidManifest.xml:173:13-66
	android:name
		ADDED from src\main\AndroidManifest.xml:172:13-58
activity#com.facebook.LoginActivity
ADDED from src\main\AndroidManifest.xml:175:9-178:75
	android:label
		ADDED from src\main\AndroidManifest.xml:177:13-45
	android:theme
		ADDED from src\main\AndroidManifest.xml:178:13-72
	android:name
		ADDED from src\main\AndroidManifest.xml:176:13-54
meta-data#com.facebook.sdk.ApplicationId
ADDED from src\main\AndroidManifest.xml:180:9-182:46
	android:value
		ADDED from src\main\AndroidManifest.xml:182:13-43
	android:name
		ADDED from src\main\AndroidManifest.xml:181:13-58
provider#com.facebook.NativeAppCallContentProvider
ADDED from src\main\AndroidManifest.xml:184:9-187:39
	android:authorities
		ADDED from src\main\AndroidManifest.xml:186:13-95
	android:exported
		ADDED from src\main\AndroidManifest.xml:187:13-36
	android:name
		ADDED from src\main\AndroidManifest.xml:185:13-69
receiver#com.libraries.receiver.StoreFinderBroadcastReceiver
ADDED from src\main\AndroidManifest.xml:189:9-193:20
	android:name
		ADDED from src\main\AndroidManifest.xml:189:19-85
intent-filter#com.facebook.platform.AppCallResultBroadcast
ADDED from src\main\AndroidManifest.xml:190:13-192:29
action#com.facebook.platform.AppCallResultBroadcast
ADDED from src\main\AndroidManifest.xml:191:17-87
	android:name
		ADDED from src\main\AndroidManifest.xml:191:25-84